[Info]2017/07/05 10:36:16 main.go:81: 开始执行……
[Info]2017/07/05 10:36:16 main.go:89: 连接127.0.0.1/qdxg数据库……
[Info]2017/07/05 10:36:16 main.go:95: 连接127.0.0.1/qdxg-test数据库……
[Info]2017/07/05 10:36:16 main.go:101: 对比触发器……
[Info]2017/07/05 10:36:16 main.go:184: 两个数据库触发器相同
[Info]2017/07/05 10:36:16 main.go:104: 对比函数……
[Info]2017/07/05 10:36:16 main.go:222: [apartment apartmentcode approveStatus bizCode bizName bizNameByBizCode department departmentcode geography geographyCode getChildDeparts getChilds getParentLevel getUserName gradeCode innerCode organizationcode organizationname queryMenuChilds StaffAcademyName StaffDepartmentName StaffDepartmentName_t usercode]
[Info]2017/07/05 10:36:16 main.go:223: [apartment apartmentcode approveStatus bizCode bizName bizNameByBizCode department departmentcode geography geographyCode getChildDeparts getChilds getParentLevel getUserName gradeCode innerCode organizationcode organizationname queryMenuChilds StaffAcademyName StaffDepartmentName StaffDepartmentName_t usercode]
[Info]2017/07/05 10:36:16 main.go:229: 两个数据库函数相同
[Info]2017/07/05 10:36:16 main.go:107: 对比表……
[Info]2017/07/05 10:36:16 main.go:128: 127.0.0.1 / qdxg  表名：  [academy academyroom apartmentcode arriveplan arrivestudentscope attachment bak_classinfo bak_department bak_menu bak_menubutton bak_organization bak_role bak_rolebuttonpermission bak_rolemenupermission bak_studentacademic bak_studentbasicinfo bak_studentcadres bak_studentdormitory bak_studentemployment bak_studentenrollment bak_studentfamilymember bak_studenthonour bak_studentpunishment bak_studentsafetyincident bak_studentscholarshipaid bak_studentscore bak_studentspecialcharacter bak_studenttuition bak_studenttuitiondetail bak_task bak_taskhis bak_user bak_userattachment bak_usericon bed bedattribute bizcode bizflow buildingattribute buildingvenue campus campusattribute class classinfo d department district dormitory evaluateparam evaluatestatus exampaymentrecord geographycode grade hatsizecomparesiontable honourinfo interviewnotes joinstationplan log_login log_usermenu major materialtransceiverplan menu menubutton m_yellowpage newstudent o organization role rolebuttonpermission rolemenupermission roletab room roomattribute scholarshipaidinfo scholarshipaidrank shoessizecomparesiontable staffadjustcourse staffadjustcoursedetail staffbasicinfo staffcertificatedetail staffclassstudent staffcommunicationtraining staffdegree staffexperienceandduty staffhonour staffresearch staffteach station_materialconfig station_mealsplan station_studentassistant station_timeplan station_vehicle step studentacademic studentbasicinfo studentcadres studentdormitory studentemployment studentenrollment studentevalscore studentevalscoredetail studentexamreg studentfamilymember studenthonour studentleaveapplication studentpartwork studentpunishment studentsafetyincident studentscholarshipaid studentscore studentspecialcharacter studentstatus studenttuition studenttuitiondetail studystylecons systemparams task taskhis tuitioncode t_economy_survey_summary t_economy_survey_summary_detail t_student_survey t_student_survey_completion t_student_survey_result t_survey t_survey_title t_survey_title_detail uniformsizecomparison unit unitattribute un_bedattribute un_studentbasicinfo un_studentcadres un_studentdormitory un_studentfamilymember un_studenthonour un_studentscholarshipaid un_studystylecons un_user un_usericon user userattachment userattachment_history userattachment_temporary userdatapermission usericon usericon_byte userlogin userrole zoneattribute]
[Info]2017/07/05 10:36:16 main.go:134: 127.0.0.1 / qdxg-test  表名：  [academy academyroom apartmentcode arriveplan arrivestudentscope attachment bak_classinfo bak_department bak_menu bak_menubutton bak_organization bak_role bak_rolebuttonpermission bak_rolemenupermission bak_studentacademic bak_studentbasicinfo bak_studentcadres bak_studentdormitory bak_studentemployment bak_studentenrollment bak_studentfamilymember bak_studenthonour bak_studentpunishment bak_studentsafetyincident bak_studentscholarshipaid bak_studentscore bak_studentspecialcharacter bak_studenttuition bak_studenttuitiondetail bak_task bak_taskhis bak_user bak_userattachment bak_usericon bed bedattribute bizcode bizflow buildingattribute buildingvenue campus campusattribute class classinfo d department district dormitory evaluateparam evaluatestatus exampaymentrecord geographycode grade hatsizecomparesiontable honourinfo interviewnotes joinstationplan log_login log_usermenu major materialtransceiverplan menu menubutton m_yellowpage newstudent o organization role rolebuttonpermission rolemenupermission roletab room roomattribute scholarshipaidinfo scholarshipaidrank shoessizecomparesiontable staffadjustcourse staffadjustcoursedetail staffbasicinfo staffcertificatedetail staffclassstudent staffcommunicationtraining staffdegree staffexperienceandduty staffhonour staffresearch staffteach station_materialconfig station_mealsplan station_studentassistant station_timeplan station_vehicle step studentacademic studentbasicinfo studentcadres studentdormitory studentemployment studentenrollment studentevalscore studentevalscoredetail studentexamreg studentfamilymember studenthonour studentleaveapplication studentpartwork studentpunishment studentsafetyincident studentscholarshipaid studentscore studentspecialcharacter studentstatus studenttuition studenttuitiondetail studystylecons systemparams task taskhis tuitioncode t_economy_survey_summary t_economy_survey_summary_detail t_student_survey t_student_survey_completion t_student_survey_result t_survey t_survey_title t_survey_title_detail uniformsizecomparison unit unitattribute un_bedattribute un_studentbasicinfo un_studentcadres un_studentdormitory un_studentfamilymember un_studenthonour un_studentscholarshipaid un_studystylecons un_user un_usericon user userattachment userattachment_history userattachment_temporary userdatapermission usericon usericon_byte userlogin userrole zoneattribute]
[Info]2017/07/05 10:36:16 main.go:141: 两个数据库表相同
[Info]2017/07/05 10:36:16 main.go:111: 对比列名……
[Info]2017/07/05 10:36:16 main.go:272: 两个数据库academy表，列相同
[Info]2017/07/05 10:36:16 main.go:272: 两个数据库academyroom表，列相同
[Info]2017/07/05 10:36:16 main.go:272: 两个数据库apartmentcode表，列相同
[Info]2017/07/05 10:36:16 main.go:272: 两个数据库arriveplan表，列相同
[Info]2017/07/05 10:36:16 main.go:272: 两个数据库arrivestudentscope表，列相同
[Info]2017/07/05 10:36:16 main.go:272: 两个数据库attachment表，列相同
[Info]2017/07/05 10:36:16 main.go:272: 两个数据库bak_classinfo表，列相同
[Info]2017/07/05 10:36:16 main.go:272: 两个数据库bak_department表，列相同
[Info]2017/07/05 10:36:16 main.go:272: 两个数据库bak_menu表，列相同
[Info]2017/07/05 10:36:16 main.go:272: 两个数据库bak_menubutton表，列相同
[Info]2017/07/05 10:36:16 main.go:272: 两个数据库bak_organization表，列相同
[Info]2017/07/05 10:36:16 main.go:272: 两个数据库bak_role表，列相同
[Info]2017/07/05 10:36:16 main.go:272: 两个数据库bak_rolebuttonpermission表，列相同
[Info]2017/07/05 10:36:16 main.go:272: 两个数据库bak_rolemenupermission表，列相同
[Info]2017/07/05 10:36:16 main.go:272: 两个数据库bak_studentacademic表，列相同
[Info]2017/07/05 10:36:16 main.go:272: 两个数据库bak_studentbasicinfo表，列相同
[Info]2017/07/05 10:36:16 main.go:272: 两个数据库bak_studentcadres表，列相同
[Info]2017/07/05 10:36:16 main.go:272: 两个数据库bak_studentdormitory表，列相同
[Info]2017/07/05 10:36:16 main.go:272: 两个数据库bak_studentemployment表，列相同
[Info]2017/07/05 10:36:16 main.go:272: 两个数据库bak_studentenrollment表，列相同
[Info]2017/07/05 10:36:16 main.go:272: 两个数据库bak_studentfamilymember表，列相同
[Info]2017/07/05 10:36:16 main.go:272: 两个数据库bak_studenthonour表，列相同
[Info]2017/07/05 10:36:16 main.go:272: 两个数据库bak_studentpunishment表，列相同
[Info]2017/07/05 10:36:16 main.go:272: 两个数据库bak_studentsafetyincident表，列相同
[Info]2017/07/05 10:36:16 main.go:272: 两个数据库bak_studentscholarshipaid表，列相同
[Info]2017/07/05 10:36:16 main.go:272: 两个数据库bak_studentscore表，列相同
[Info]2017/07/05 10:36:16 main.go:272: 两个数据库bak_studentspecialcharacter表，列相同
[Info]2017/07/05 10:36:16 main.go:272: 两个数据库bak_studenttuition表，列相同
[Info]2017/07/05 10:36:16 main.go:272: 两个数据库bak_studenttuitiondetail表，列相同
[Info]2017/07/05 10:36:16 main.go:272: 两个数据库bak_task表，列相同
[Info]2017/07/05 10:36:16 main.go:272: 两个数据库bak_taskhis表，列相同
[Info]2017/07/05 10:36:16 main.go:272: 两个数据库bak_user表，列相同
[Info]2017/07/05 10:36:16 main.go:272: 两个数据库bak_userattachment表，列相同
[Info]2017/07/05 10:36:16 main.go:272: 两个数据库bak_usericon表，列相同
[Info]2017/07/05 10:36:16 main.go:272: 两个数据库bed表，列相同
[Info]2017/07/05 10:36:16 main.go:272: 两个数据库bedattribute表，列相同
[Info]2017/07/05 10:36:16 main.go:272: 两个数据库bizcode表，列相同
[Info]2017/07/05 10:36:16 main.go:272: 两个数据库bizflow表，列相同
[Info]2017/07/05 10:36:16 main.go:272: 两个数据库buildingattribute表，列相同
[Info]2017/07/05 10:36:16 main.go:272: 两个数据库buildingvenue表，列相同
[Info]2017/07/05 10:36:16 main.go:272: 两个数据库campus表，列相同
[Info]2017/07/05 10:36:16 main.go:272: 两个数据库campusattribute表，列相同
[Info]2017/07/05 10:36:16 main.go:272: 两个数据库class表，列相同
[Info]2017/07/05 10:36:16 main.go:272: 两个数据库classinfo表，列相同
[Info]2017/07/05 10:36:16 main.go:272: 两个数据库d表，列相同
[Info]2017/07/05 10:36:16 main.go:272: 两个数据库department表，列相同
[Info]2017/07/05 10:36:16 main.go:272: 两个数据库district表，列相同
[Info]2017/07/05 10:36:16 main.go:272: 两个数据库dormitory表，列相同
[Info]2017/07/05 10:36:16 main.go:272: 两个数据库evaluateparam表，列相同
[Info]2017/07/05 10:36:16 main.go:272: 两个数据库evaluatestatus表，列相同
[Info]2017/07/05 10:36:16 main.go:272: 两个数据库exampaymentrecord表，列相同
[Info]2017/07/05 10:36:16 main.go:272: 两个数据库geographycode表，列相同
[Info]2017/07/05 10:36:16 main.go:272: 两个数据库grade表，列相同
[Info]2017/07/05 10:36:16 main.go:272: 两个数据库hatsizecomparesiontable表，列相同
[Info]2017/07/05 10:36:16 main.go:272: 两个数据库honourinfo表，列相同
[Info]2017/07/05 10:36:16 main.go:272: 两个数据库interviewnotes表，列相同
[Info]2017/07/05 10:36:16 main.go:272: 两个数据库joinstationplan表，列相同
[Info]2017/07/05 10:36:16 main.go:272: 两个数据库log_login表，列相同
[Info]2017/07/05 10:36:16 main.go:272: 两个数据库log_usermenu表，列相同
[Info]2017/07/05 10:36:16 main.go:272: 两个数据库major表，列相同
[Info]2017/07/05 10:36:16 main.go:272: 两个数据库materialtransceiverplan表，列相同
[Info]2017/07/05 10:36:16 main.go:272: 两个数据库menu表，列相同
[Info]2017/07/05 10:36:16 main.go:272: 两个数据库menubutton表，列相同
[Info]2017/07/05 10:36:16 main.go:272: 两个数据库m_yellowpage表，列相同
[Info]2017/07/05 10:36:16 main.go:272: 两个数据库newstudent表，列相同
[Info]2017/07/05 10:36:16 main.go:272: 两个数据库o表，列相同
[Info]2017/07/05 10:36:16 main.go:272: 两个数据库organization表，列相同
[Info]2017/07/05 10:36:16 main.go:272: 两个数据库role表，列相同
[Info]2017/07/05 10:36:16 main.go:272: 两个数据库rolebuttonpermission表，列相同
[Info]2017/07/05 10:36:16 main.go:272: 两个数据库rolemenupermission表，列相同
[Info]2017/07/05 10:36:16 main.go:272: 两个数据库roletab表，列相同
[Info]2017/07/05 10:36:16 main.go:272: 两个数据库room表，列相同
[Info]2017/07/05 10:36:16 main.go:272: 两个数据库roomattribute表，列相同
[Info]2017/07/05 10:36:16 main.go:272: 两个数据库scholarshipaidinfo表，列相同
[Info]2017/07/05 10:36:16 main.go:272: 两个数据库scholarshipaidrank表，列相同
[Info]2017/07/05 10:36:16 main.go:272: 两个数据库shoessizecomparesiontable表，列相同
[Info]2017/07/05 10:36:16 main.go:272: 两个数据库staffadjustcourse表，列相同
[Info]2017/07/05 10:36:16 main.go:272: 两个数据库staffadjustcoursedetail表，列相同
[Info]2017/07/05 10:36:16 main.go:272: 两个数据库staffbasicinfo表，列相同
[Info]2017/07/05 10:36:16 main.go:272: 两个数据库staffcertificatedetail表，列相同
[Info]2017/07/05 10:36:16 main.go:272: 两个数据库staffclassstudent表，列相同
[Info]2017/07/05 10:36:16 main.go:272: 两个数据库staffcommunicationtraining表，列相同
[Info]2017/07/05 10:36:16 main.go:272: 两个数据库staffdegree表，列相同
[Info]2017/07/05 10:36:16 main.go:272: 两个数据库staffexperienceandduty表，列相同
[Info]2017/07/05 10:36:16 main.go:272: 两个数据库staffhonour表，列相同
[Info]2017/07/05 10:36:16 main.go:272: 两个数据库staffresearch表，列相同
[Info]2017/07/05 10:36:16 main.go:272: 两个数据库staffteach表，列相同
[Info]2017/07/05 10:36:16 main.go:272: 两个数据库station_materialconfig表，列相同
[Info]2017/07/05 10:36:16 main.go:272: 两个数据库station_mealsplan表，列相同
[Info]2017/07/05 10:36:16 main.go:272: 两个数据库station_studentassistant表，列相同
[Info]2017/07/05 10:36:16 main.go:272: 两个数据库station_timeplan表，列相同
[Info]2017/07/05 10:36:16 main.go:272: 两个数据库station_vehicle表，列相同
[Info]2017/07/05 10:36:16 main.go:272: 两个数据库step表，列相同
[Info]2017/07/05 10:36:16 main.go:272: 两个数据库studentacademic表，列相同
[Info]2017/07/05 10:36:16 main.go:272: 两个数据库studentbasicinfo表，列相同
[Info]2017/07/05 10:36:16 main.go:272: 两个数据库studentcadres表，列相同
[Info]2017/07/05 10:36:16 main.go:272: 两个数据库studentdormitory表，列相同
[Info]2017/07/05 10:36:16 main.go:272: 两个数据库studentemployment表，列相同
[Info]2017/07/05 10:36:16 main.go:272: 两个数据库studentenrollment表，列相同
[Info]2017/07/05 10:36:16 main.go:272: 两个数据库studentevalscore表，列相同
[Info]2017/07/05 10:36:16 main.go:272: 两个数据库studentevalscoredetail表，列相同
[Info]2017/07/05 10:36:16 main.go:272: 两个数据库studentexamreg表，列相同
[Info]2017/07/05 10:36:16 main.go:272: 两个数据库studentfamilymember表，列相同
[Info]2017/07/05 10:36:16 main.go:272: 两个数据库studenthonour表，列相同
[Info]2017/07/05 10:36:16 main.go:272: 两个数据库studentleaveapplication表，列相同
[Info]2017/07/05 10:36:16 main.go:272: 两个数据库studentpartwork表，列相同
[Info]2017/07/05 10:36:16 main.go:272: 两个数据库studentpunishment表，列相同
[Info]2017/07/05 10:36:16 main.go:272: 两个数据库studentsafetyincident表，列相同
[Info]2017/07/05 10:36:16 main.go:272: 两个数据库studentscholarshipaid表，列相同
[Info]2017/07/05 10:36:16 main.go:272: 两个数据库studentscore表，列相同
[Info]2017/07/05 10:36:16 main.go:272: 两个数据库studentspecialcharacter表，列相同
[Info]2017/07/05 10:36:16 main.go:272: 两个数据库studentstatus表，列相同
[Info]2017/07/05 10:36:16 main.go:272: 两个数据库studenttuition表，列相同
[Info]2017/07/05 10:36:16 main.go:272: 两个数据库studenttuitiondetail表，列相同
[Info]2017/07/05 10:36:16 main.go:272: 两个数据库studystylecons表，列相同
[Info]2017/07/05 10:36:16 main.go:272: 两个数据库systemparams表，列相同
[Info]2017/07/05 10:36:16 main.go:272: 两个数据库task表，列相同
[Info]2017/07/05 10:36:16 main.go:272: 两个数据库taskhis表，列相同
[Info]2017/07/05 10:36:16 main.go:272: 两个数据库tuitioncode表，列相同
[Info]2017/07/05 10:36:16 main.go:272: 两个数据库t_economy_survey_summary表，列相同
[Info]2017/07/05 10:36:16 main.go:272: 两个数据库t_economy_survey_summary_detail表，列相同
[Info]2017/07/05 10:36:16 main.go:272: 两个数据库t_student_survey表，列相同
[Info]2017/07/05 10:36:16 main.go:272: 两个数据库t_student_survey_completion表，列相同
[Info]2017/07/05 10:36:16 main.go:272: 两个数据库t_student_survey_result表，列相同
[Info]2017/07/05 10:36:16 main.go:272: 两个数据库t_survey表，列相同
[Info]2017/07/05 10:36:16 main.go:272: 两个数据库t_survey_title表，列相同
[Info]2017/07/05 10:36:16 main.go:272: 两个数据库t_survey_title_detail表，列相同
[Info]2017/07/05 10:36:16 main.go:272: 两个数据库uniformsizecomparison表，列相同
[Info]2017/07/05 10:36:16 main.go:272: 两个数据库unit表，列相同
[Info]2017/07/05 10:36:16 main.go:272: 两个数据库unitattribute表，列相同
[Info]2017/07/05 10:36:16 main.go:272: 两个数据库un_bedattribute表，列相同
[Info]2017/07/05 10:36:16 main.go:272: 两个数据库un_studentbasicinfo表，列相同
[Info]2017/07/05 10:36:16 main.go:272: 两个数据库un_studentcadres表，列相同
[Info]2017/07/05 10:36:16 main.go:272: 两个数据库un_studentdormitory表，列相同
[Info]2017/07/05 10:36:16 main.go:272: 两个数据库un_studentfamilymember表，列相同
[Info]2017/07/05 10:36:16 main.go:272: 两个数据库un_studenthonour表，列相同
[Info]2017/07/05 10:36:16 main.go:272: 两个数据库un_studentscholarshipaid表，列相同
[Info]2017/07/05 10:36:16 main.go:272: 两个数据库un_studystylecons表，列相同
[Info]2017/07/05 10:36:16 main.go:272: 两个数据库un_user表，列相同
[Info]2017/07/05 10:36:16 main.go:272: 两个数据库un_usericon表，列相同
[Info]2017/07/05 10:36:16 main.go:272: 两个数据库user表，列相同
[Info]2017/07/05 10:36:16 main.go:272: 两个数据库userattachment表，列相同
[Info]2017/07/05 10:36:16 main.go:272: 两个数据库userattachment_history表，列相同
[Info]2017/07/05 10:36:16 main.go:272: 两个数据库userattachment_temporary表，列相同
[Info]2017/07/05 10:36:16 main.go:272: 两个数据库userdatapermission表，列相同
[Info]2017/07/05 10:36:16 main.go:272: 两个数据库usericon表，列相同
[Info]2017/07/05 10:36:16 main.go:272: 两个数据库usericon_byte表，列相同
[Info]2017/07/05 10:36:16 main.go:272: 两个数据库userlogin表，列相同
[Info]2017/07/05 10:36:16 main.go:272: 两个数据库userrole表，列相同
[Info]2017/07/05 10:36:16 main.go:272: 两个数据库zoneattribute表，列相同
[Info]2017/07/05 10:36:16 main.go:114: 对比索引……
[Info]2017/07/05 10:36:16 main.go:316: 两个数据库academy表，索引相同
[Info]2017/07/05 10:36:16 main.go:316: 两个数据库academyroom表，索引相同
[Info]2017/07/05 10:36:16 main.go:316: 两个数据库apartmentcode表，索引相同
[Info]2017/07/05 10:36:16 main.go:316: 两个数据库arriveplan表，索引相同
[Info]2017/07/05 10:36:16 main.go:316: 两个数据库arrivestudentscope表，索引相同
[Info]2017/07/05 10:36:16 main.go:316: 两个数据库attachment表，索引相同
[Info]2017/07/05 10:36:16 main.go:316: 两个数据库bak_classinfo表，索引相同
[Info]2017/07/05 10:36:16 main.go:316: 两个数据库bak_department表，索引相同
[Info]2017/07/05 10:36:16 main.go:316: 两个数据库bak_menu表，索引相同
[Info]2017/07/05 10:36:16 main.go:316: 两个数据库bak_menubutton表，索引相同
[Info]2017/07/05 10:36:16 main.go:316: 两个数据库bak_organization表，索引相同
[Info]2017/07/05 10:36:16 main.go:316: 两个数据库bak_role表，索引相同
[Info]2017/07/05 10:36:16 main.go:316: 两个数据库bak_rolebuttonpermission表，索引相同
[Info]2017/07/05 10:36:16 main.go:316: 两个数据库bak_rolemenupermission表，索引相同
[Info]2017/07/05 10:36:16 main.go:316: 两个数据库bak_studentacademic表，索引相同
[Info]2017/07/05 10:36:16 main.go:316: 两个数据库bak_studentbasicinfo表，索引相同
[Info]2017/07/05 10:36:16 main.go:316: 两个数据库bak_studentcadres表，索引相同
[Info]2017/07/05 10:36:16 main.go:316: 两个数据库bak_studentdormitory表，索引相同
[Info]2017/07/05 10:36:16 main.go:316: 两个数据库bak_studentemployment表，索引相同
[Info]2017/07/05 10:36:16 main.go:316: 两个数据库bak_studentenrollment表，索引相同
[Info]2017/07/05 10:36:16 main.go:316: 两个数据库bak_studentfamilymember表，索引相同
[Info]2017/07/05 10:36:16 main.go:316: 两个数据库bak_studenthonour表，索引相同
[Info]2017/07/05 10:36:16 main.go:316: 两个数据库bak_studentpunishment表，索引相同
[Info]2017/07/05 10:36:16 main.go:316: 两个数据库bak_studentsafetyincident表，索引相同
[Info]2017/07/05 10:36:16 main.go:316: 两个数据库bak_studentscholarshipaid表，索引相同
[Info]2017/07/05 10:36:16 main.go:316: 两个数据库bak_studentscore表，索引相同
[Info]2017/07/05 10:36:16 main.go:316: 两个数据库bak_studentspecialcharacter表，索引相同
[Info]2017/07/05 10:36:16 main.go:316: 两个数据库bak_studenttuition表，索引相同
[Info]2017/07/05 10:36:16 main.go:316: 两个数据库bak_studenttuitiondetail表，索引相同
[Info]2017/07/05 10:36:16 main.go:316: 两个数据库bak_task表，索引相同
[Info]2017/07/05 10:36:16 main.go:316: 两个数据库bak_taskhis表，索引相同
[Info]2017/07/05 10:36:16 main.go:316: 两个数据库bak_user表，索引相同
[Info]2017/07/05 10:36:16 main.go:316: 两个数据库bak_userattachment表，索引相同
[Info]2017/07/05 10:36:16 main.go:316: 两个数据库bak_usericon表，索引相同
[Info]2017/07/05 10:36:16 main.go:316: 两个数据库bed表，索引相同
[Info]2017/07/05 10:36:16 main.go:316: 两个数据库bedattribute表，索引相同
[Info]2017/07/05 10:36:16 main.go:316: 两个数据库bizcode表，索引相同
[Info]2017/07/05 10:36:16 main.go:316: 两个数据库bizflow表，索引相同
[Info]2017/07/05 10:36:16 main.go:316: 两个数据库buildingattribute表，索引相同
[Info]2017/07/05 10:36:16 main.go:316: 两个数据库buildingvenue表，索引相同
[Info]2017/07/05 10:36:16 main.go:316: 两个数据库campus表，索引相同
[Info]2017/07/05 10:36:16 main.go:316: 两个数据库campusattribute表，索引相同
[Info]2017/07/05 10:36:16 main.go:316: 两个数据库class表，索引相同
[Info]2017/07/05 10:36:16 main.go:316: 两个数据库classinfo表，索引相同
[Info]2017/07/05 10:36:16 main.go:316: 两个数据库d表，索引相同
[Info]2017/07/05 10:36:16 main.go:316: 两个数据库department表，索引相同
[Info]2017/07/05 10:36:16 main.go:316: 两个数据库district表，索引相同
[Info]2017/07/05 10:36:16 main.go:316: 两个数据库dormitory表，索引相同
[Info]2017/07/05 10:36:16 main.go:316: 两个数据库evaluateparam表，索引相同
[Info]2017/07/05 10:36:16 main.go:316: 两个数据库evaluatestatus表，索引相同
[Info]2017/07/05 10:36:16 main.go:316: 两个数据库exampaymentrecord表，索引相同
[Info]2017/07/05 10:36:16 main.go:316: 两个数据库geographycode表，索引相同
[Info]2017/07/05 10:36:16 main.go:316: 两个数据库grade表，索引相同
[Info]2017/07/05 10:36:16 main.go:316: 两个数据库hatsizecomparesiontable表，索引相同
[Info]2017/07/05 10:36:16 main.go:316: 两个数据库honourinfo表，索引相同
[Info]2017/07/05 10:36:16 main.go:316: 两个数据库interviewnotes表，索引相同
[Info]2017/07/05 10:36:16 main.go:316: 两个数据库joinstationplan表，索引相同
[Info]2017/07/05 10:36:16 main.go:316: 两个数据库log_login表，索引相同
[Info]2017/07/05 10:36:16 main.go:316: 两个数据库log_usermenu表，索引相同
[Info]2017/07/05 10:36:16 main.go:316: 两个数据库major表，索引相同
[Info]2017/07/05 10:36:16 main.go:316: 两个数据库materialtransceiverplan表，索引相同
[Info]2017/07/05 10:36:16 main.go:316: 两个数据库menu表，索引相同
[Info]2017/07/05 10:36:16 main.go:316: 两个数据库menubutton表，索引相同
[Info]2017/07/05 10:36:16 main.go:316: 两个数据库m_yellowpage表，索引相同
[Info]2017/07/05 10:36:16 main.go:316: 两个数据库newstudent表，索引相同
[Info]2017/07/05 10:36:16 main.go:316: 两个数据库o表，索引相同
[Info]2017/07/05 10:36:16 main.go:316: 两个数据库organization表，索引相同
[Info]2017/07/05 10:36:16 main.go:316: 两个数据库role表，索引相同
[Info]2017/07/05 10:36:16 main.go:316: 两个数据库rolebuttonpermission表，索引相同
[Info]2017/07/05 10:36:16 main.go:316: 两个数据库rolemenupermission表，索引相同
[Info]2017/07/05 10:36:16 main.go:316: 两个数据库roletab表，索引相同
[Info]2017/07/05 10:36:16 main.go:316: 两个数据库room表，索引相同
[Info]2017/07/05 10:36:16 main.go:316: 两个数据库roomattribute表，索引相同
[Info]2017/07/05 10:36:16 main.go:316: 两个数据库scholarshipaidinfo表，索引相同
[Info]2017/07/05 10:36:16 main.go:316: 两个数据库scholarshipaidrank表，索引相同
[Info]2017/07/05 10:36:16 main.go:316: 两个数据库shoessizecomparesiontable表，索引相同
[Info]2017/07/05 10:36:16 main.go:316: 两个数据库staffadjustcourse表，索引相同
[Info]2017/07/05 10:36:16 main.go:316: 两个数据库staffadjustcoursedetail表，索引相同
[Info]2017/07/05 10:36:16 main.go:316: 两个数据库staffbasicinfo表，索引相同
[Info]2017/07/05 10:36:16 main.go:316: 两个数据库staffcertificatedetail表，索引相同
[Info]2017/07/05 10:36:16 main.go:316: 两个数据库staffclassstudent表，索引相同
[Info]2017/07/05 10:36:16 main.go:316: 两个数据库staffcommunicationtraining表，索引相同
[Info]2017/07/05 10:36:16 main.go:316: 两个数据库staffdegree表，索引相同
[Info]2017/07/05 10:36:16 main.go:316: 两个数据库staffexperienceandduty表，索引相同
[Info]2017/07/05 10:36:16 main.go:316: 两个数据库staffhonour表，索引相同
[Info]2017/07/05 10:36:16 main.go:316: 两个数据库staffresearch表，索引相同
[Info]2017/07/05 10:36:16 main.go:316: 两个数据库staffteach表，索引相同
[Info]2017/07/05 10:36:16 main.go:316: 两个数据库station_materialconfig表，索引相同
[Info]2017/07/05 10:36:16 main.go:316: 两个数据库station_mealsplan表，索引相同
[Info]2017/07/05 10:36:16 main.go:316: 两个数据库station_studentassistant表，索引相同
[Info]2017/07/05 10:36:16 main.go:316: 两个数据库station_timeplan表，索引相同
[Info]2017/07/05 10:36:16 main.go:316: 两个数据库station_vehicle表，索引相同
[Info]2017/07/05 10:36:16 main.go:316: 两个数据库step表，索引相同
[Info]2017/07/05 10:36:16 main.go:316: 两个数据库studentacademic表，索引相同
[Info]2017/07/05 10:36:16 main.go:316: 两个数据库studentbasicinfo表，索引相同
[Info]2017/07/05 10:36:16 main.go:316: 两个数据库studentcadres表，索引相同
[Info]2017/07/05 10:36:16 main.go:316: 两个数据库studentdormitory表，索引相同
[Info]2017/07/05 10:36:16 main.go:316: 两个数据库studentemployment表，索引相同
[Info]2017/07/05 10:36:16 main.go:316: 两个数据库studentenrollment表，索引相同
[Info]2017/07/05 10:36:16 main.go:316: 两个数据库studentevalscore表，索引相同
[Info]2017/07/05 10:36:16 main.go:316: 两个数据库studentevalscoredetail表，索引相同
[Info]2017/07/05 10:36:16 main.go:316: 两个数据库studentexamreg表，索引相同
[Info]2017/07/05 10:36:16 main.go:316: 两个数据库studentfamilymember表，索引相同
[Info]2017/07/05 10:36:16 main.go:316: 两个数据库studenthonour表，索引相同
[Info]2017/07/05 10:36:16 main.go:316: 两个数据库studentleaveapplication表，索引相同
[Info]2017/07/05 10:36:16 main.go:316: 两个数据库studentpartwork表，索引相同
[Info]2017/07/05 10:36:16 main.go:316: 两个数据库studentpunishment表，索引相同
[Info]2017/07/05 10:36:16 main.go:316: 两个数据库studentsafetyincident表，索引相同
[Info]2017/07/05 10:36:16 main.go:316: 两个数据库studentscholarshipaid表，索引相同
[Info]2017/07/05 10:36:16 main.go:316: 两个数据库studentscore表，索引相同
[Info]2017/07/05 10:36:16 main.go:316: 两个数据库studentspecialcharacter表，索引相同
[Info]2017/07/05 10:36:16 main.go:316: 两个数据库studentstatus表，索引相同
[Info]2017/07/05 10:36:16 main.go:316: 两个数据库studenttuition表，索引相同
[Info]2017/07/05 10:36:16 main.go:316: 两个数据库studenttuitiondetail表，索引相同
[Info]2017/07/05 10:36:16 main.go:316: 两个数据库studystylecons表，索引相同
[Info]2017/07/05 10:36:16 main.go:316: 两个数据库systemparams表，索引相同
[Info]2017/07/05 10:36:16 main.go:316: 两个数据库task表，索引相同
[Info]2017/07/05 10:36:16 main.go:316: 两个数据库taskhis表，索引相同
[Info]2017/07/05 10:36:16 main.go:316: 两个数据库tuitioncode表，索引相同
[Info]2017/07/05 10:36:16 main.go:316: 两个数据库t_economy_survey_summary表，索引相同
[Info]2017/07/05 10:36:16 main.go:316: 两个数据库t_economy_survey_summary_detail表，索引相同
[Info]2017/07/05 10:36:16 main.go:316: 两个数据库t_student_survey表，索引相同
[Info]2017/07/05 10:36:16 main.go:316: 两个数据库t_student_survey_completion表，索引相同
[Info]2017/07/05 10:36:16 main.go:316: 两个数据库t_student_survey_result表，索引相同
[Info]2017/07/05 10:36:16 main.go:316: 两个数据库t_survey表，索引相同
[Info]2017/07/05 10:36:16 main.go:316: 两个数据库t_survey_title表，索引相同
[Info]2017/07/05 10:36:16 main.go:316: 两个数据库t_survey_title_detail表，索引相同
[Info]2017/07/05 10:36:16 main.go:316: 两个数据库uniformsizecomparison表，索引相同
[Info]2017/07/05 10:36:16 main.go:316: 两个数据库unit表，索引相同
[Info]2017/07/05 10:36:16 main.go:316: 两个数据库unitattribute表，索引相同
[Info]2017/07/05 10:36:16 main.go:316: 两个数据库un_bedattribute表，索引相同
[Info]2017/07/05 10:36:16 main.go:316: 两个数据库un_studentbasicinfo表，索引相同
[Info]2017/07/05 10:36:16 main.go:316: 两个数据库un_studentcadres表，索引相同
[Info]2017/07/05 10:36:16 main.go:316: 两个数据库un_studentdormitory表，索引相同
[Info]2017/07/05 10:36:16 main.go:316: 两个数据库un_studentfamilymember表，索引相同
[Info]2017/07/05 10:36:16 main.go:316: 两个数据库un_studenthonour表，索引相同
[Info]2017/07/05 10:36:16 main.go:316: 两个数据库un_studentscholarshipaid表，索引相同
[Info]2017/07/05 10:36:16 main.go:316: 两个数据库un_studystylecons表，索引相同
[Info]2017/07/05 10:36:16 main.go:316: 两个数据库un_user表，索引相同
[Info]2017/07/05 10:36:16 main.go:316: 两个数据库un_usericon表，索引相同
[Info]2017/07/05 10:36:16 main.go:316: 两个数据库user表，索引相同
[Info]2017/07/05 10:36:16 main.go:316: 两个数据库userattachment表，索引相同
[Info]2017/07/05 10:36:16 main.go:316: 两个数据库userattachment_history表，索引相同
[Info]2017/07/05 10:36:16 main.go:316: 两个数据库userattachment_temporary表，索引相同
[Info]2017/07/05 10:36:16 main.go:316: 两个数据库userdatapermission表，索引相同
[Info]2017/07/05 10:36:16 main.go:316: 两个数据库usericon表，索引相同
[Info]2017/07/05 10:36:16 main.go:316: 两个数据库usericon_byte表，索引相同
[Info]2017/07/05 10:36:16 main.go:316: 两个数据库userlogin表，索引相同
[Info]2017/07/05 10:36:16 main.go:316: 两个数据库userrole表，索引相同
[Info]2017/07/05 10:36:16 main.go:316: 两个数据库zoneattribute表，索引相同
[Info]2017/07/05 10:36:16 main.go:118: 执行结束……
